<?xml version="1.0" encoding="UTF-8"?>
<!-- Generated by org.testng.reporters.JUnitReportReporter -->
<testsuite hostname="DURGA" failures="0" tests="1" name="Com.Cts.Testcases.Logintoapplication" time="5.001" errors="0" timestamp="2024-02-27T14:24:49 MST" skipped="0">
  <testcase classname="Com.Cts.Testcases.Logintoapplication" name="login" time="5.001"/>
</testsuite> <!-- Com.Cts.Testcases.Logintoapplication -->
